<?xml version="1.0" encoding="UTF-8"?>
<testng-results skipped="0" failed="1" ignored="0" total="3" passed="2">
  <reporter-output>
    <line>
      <![CDATA[enterUserName[[ChromeDriver: chrome on WINDOWS (6119f0f8fd786f2207191623d9d866ce)] -> id: username]]]>
    </line>
    <line>
      <![CDATA[passwordField[[ChromeDriver: chrome on WINDOWS (6119f0f8fd786f2207191623d9d866ce)] -> id: password]]]>
    </line>
    <line>
      <![CDATA[signInButton[[ChromeDriver: chrome on WINDOWS (6119f0f8fd786f2207191623d9d866ce)] -> xpath: //i[contains(text(),'Login')]]]]>
    </line>
    <line>
      <![CDATA[verifyText[[ChromeDriver: chrome on WINDOWS (6119f0f8fd786f2207191623d9d866ce)] -> xpath: //*[@id="content"]/div/h2]]]>
    </line>
    <line>
      <![CDATA[enterUserName[[ChromeDriver: chrome on WINDOWS (533b23fd6c004fdb3b6e4c4204bb83b2)] -> id: username]]]>
    </line>
    <line>
      <![CDATA[passwordField[[ChromeDriver: chrome on WINDOWS (533b23fd6c004fdb3b6e4c4204bb83b2)] -> id: password]]]>
    </line>
    <line>
      <![CDATA[signInButton[[ChromeDriver: chrome on WINDOWS (533b23fd6c004fdb3b6e4c4204bb83b2)] -> xpath: //i[contains(text(),'Login')]]]]>
    </line>
    <line>
      <![CDATA[ErrorMessage1[[ChromeDriver: chrome on WINDOWS (533b23fd6c004fdb3b6e4c4204bb83b2)] -> xpath: //div[contains(text(),'Your password is invalid!')]]]]>
    </line>
    <line>
      <![CDATA[enterUserName[[ChromeDriver: chrome on WINDOWS (dde4454f170337a9e574c8ab1ec54715)] -> id: username]]]>
    </line>
    <line>
      <![CDATA[passwordField[[ChromeDriver: chrome on WINDOWS (dde4454f170337a9e574c8ab1ec54715)] -> id: password]]]>
    </line>
    <line>
      <![CDATA[signInButton[[ChromeDriver: chrome on WINDOWS (dde4454f170337a9e574c8ab1ec54715)] -> xpath: //i[contains(text(),'Login')]]]]>
    </line>
    <line>
      <![CDATA[ErrorMessage[[ChromeDriver: chrome on WINDOWS (dde4454f170337a9e574c8ab1ec54715)] -> xpath: //div[contains(text(),'Your username is invalid!')]]]]>
    </line>
    <line>
      <![CDATA[Click to see screenshot]]>
    </line>
    <line>
      <![CDATA[<a target = "_blank" href=C:\Users\vimal\IdeaProjects\week15-maven-herokuapp.internet-vimalp/test-output/html/verifyTheUsernameErrorMessageTue_Dec_13_00_49_10_GMT_2022.jpg>Screenshot</a>]]>
    </line>
    <line>
      <![CDATA[<br>]]>
    </line>
    <line>
      <![CDATA[<br>]]>
    </line>
    <line>
      <![CDATA[<a target = "_blank" href=C:\Users\vimal\IdeaProjects\week15-maven-herokuapp.internet-vimalp/test-output/html/verifyTheUsernameErrorMessageTue_Dec_13_00_49_10_GMT_2022.jpg><img src=C:\Users\vimal\IdeaProjects\week15-maven-herokuapp.internet-vimalp/test-output/html/verifyTheUsernameErrorMessageTue_Dec_13_00_49_10_GMT_2022.jpg height=200 width=200></img></a>]]>
    </line>
  </reporter-output>
  <suite name="testsuite" duration-ms="25417" started-at="2022-12-13T00:48:46 GMT" finished-at="2022-12-13T00:49:11 GMT">
    <groups>
      <group name="regression">
        <method signature="LoginTest.UserShouldLoginSuccessfullyWithValidCredentials()[pri:0, instance:com.herokuapp.internet.testsuit.LoginTest@10dba097]" name="UserShouldLoginSuccessfullyWithValidCredentials" class="com.herokuapp.internet.testsuit.LoginTest"/>
        <method signature="LoginTest.verifyThePasswordErrorMessage()[pri:0, instance:com.herokuapp.internet.testsuit.LoginTest@10dba097]" name="verifyThePasswordErrorMessage" class="com.herokuapp.internet.testsuit.LoginTest"/>
        <method signature="LoginTest.verifyTheUsernameErrorMessage()[pri:0, instance:com.herokuapp.internet.testsuit.LoginTest@10dba097]" name="verifyTheUsernameErrorMessage" class="com.herokuapp.internet.testsuit.LoginTest"/>
      </group> <!-- regression -->
      <group name="smoke">
        <method signature="LoginTest.verifyTheUsernameErrorMessage()[pri:0, instance:com.herokuapp.internet.testsuit.LoginTest@10dba097]" name="verifyTheUsernameErrorMessage" class="com.herokuapp.internet.testsuit.LoginTest"/>
      </group> <!-- smoke -->
      <group name="sanity">
        <method signature="LoginTest.UserShouldLoginSuccessfullyWithValidCredentials()[pri:0, instance:com.herokuapp.internet.testsuit.LoginTest@10dba097]" name="UserShouldLoginSuccessfullyWithValidCredentials" class="com.herokuapp.internet.testsuit.LoginTest"/>
      </group> <!-- sanity -->
    </groups>
    <test name="Login Test" duration-ms="25417" started-at="2022-12-13T00:48:46 GMT" finished-at="2022-12-13T00:49:11 GMT">
      <class name="com.herokuapp.internet.testsuit.LoginTest">
        <test-method status="PASS" signature="setUp()[pri:0, instance:com.herokuapp.internet.testsuit.LoginTest@10dba097]" name="setUp" is-config="true" duration-ms="8778" started-at="2022-12-13T00:48:46 GMT" finished-at="2022-12-13T00:48:55 GMT">
          <reporter-output>
          </reporter-output>
        </test-method> <!-- setUp -->
        <test-method status="PASS" signature="inIt()[pri:0, instance:com.herokuapp.internet.testsuit.LoginTest@10dba097]" name="inIt" is-config="true" duration-ms="20" started-at="2022-12-13T00:48:55 GMT" finished-at="2022-12-13T00:48:55 GMT">
          <reporter-output>
          </reporter-output>
        </test-method> <!-- inIt -->
        <test-method status="PASS" signature="UserShouldLoginSuccessfullyWithValidCredentials()[pri:0, instance:com.herokuapp.internet.testsuit.LoginTest@10dba097]" name="UserShouldLoginSuccessfullyWithValidCredentials" duration-ms="577" started-at="2022-12-13T00:48:55 GMT" finished-at="2022-12-13T00:48:55 GMT">
          <reporter-output>
            <line>
              <![CDATA[enterUserName[[ChromeDriver: chrome on WINDOWS (6119f0f8fd786f2207191623d9d866ce)] -> id: username]]]>
            </line>
            <line>
              <![CDATA[passwordField[[ChromeDriver: chrome on WINDOWS (6119f0f8fd786f2207191623d9d866ce)] -> id: password]]]>
            </line>
            <line>
              <![CDATA[signInButton[[ChromeDriver: chrome on WINDOWS (6119f0f8fd786f2207191623d9d866ce)] -> xpath: //i[contains(text(),'Login')]]]]>
            </line>
            <line>
              <![CDATA[verifyText[[ChromeDriver: chrome on WINDOWS (6119f0f8fd786f2207191623d9d866ce)] -> xpath: //*[@id="content"]/div/h2]]]>
            </line>
          </reporter-output>
        </test-method> <!-- UserShouldLoginSuccessfullyWithValidCredentials -->
        <test-method status="PASS" signature="tearDown()[pri:0, instance:com.herokuapp.internet.testsuit.LoginTest@10dba097]" name="tearDown" is-config="true" duration-ms="817" started-at="2022-12-13T00:48:55 GMT" finished-at="2022-12-13T00:48:56 GMT">
          <reporter-output>
          </reporter-output>
        </test-method> <!-- tearDown -->
        <test-method status="PASS" signature="setUp()[pri:0, instance:com.herokuapp.internet.testsuit.LoginTest@10dba097]" name="setUp" is-config="true" duration-ms="6557" started-at="2022-12-13T00:48:56 GMT" finished-at="2022-12-13T00:49:03 GMT">
          <reporter-output>
          </reporter-output>
        </test-method> <!-- setUp -->
        <test-method status="PASS" signature="inIt()[pri:0, instance:com.herokuapp.internet.testsuit.LoginTest@10dba097]" name="inIt" is-config="true" duration-ms="1" started-at="2022-12-13T00:49:03 GMT" finished-at="2022-12-13T00:49:03 GMT">
          <reporter-output>
          </reporter-output>
        </test-method> <!-- inIt -->
        <test-method status="PASS" signature="verifyThePasswordErrorMessage()[pri:0, instance:com.herokuapp.internet.testsuit.LoginTest@10dba097]" name="verifyThePasswordErrorMessage" duration-ms="518" started-at="2022-12-13T00:49:03 GMT" finished-at="2022-12-13T00:49:03 GMT">
          <reporter-output>
            <line>
              <![CDATA[enterUserName[[ChromeDriver: chrome on WINDOWS (533b23fd6c004fdb3b6e4c4204bb83b2)] -> id: username]]]>
            </line>
            <line>
              <![CDATA[passwordField[[ChromeDriver: chrome on WINDOWS (533b23fd6c004fdb3b6e4c4204bb83b2)] -> id: password]]]>
            </line>
            <line>
              <![CDATA[signInButton[[ChromeDriver: chrome on WINDOWS (533b23fd6c004fdb3b6e4c4204bb83b2)] -> xpath: //i[contains(text(),'Login')]]]]>
            </line>
            <line>
              <![CDATA[ErrorMessage1[[ChromeDriver: chrome on WINDOWS (533b23fd6c004fdb3b6e4c4204bb83b2)] -> xpath: //div[contains(text(),'Your password is invalid!')]]]]>
            </line>
          </reporter-output>
        </test-method> <!-- verifyThePasswordErrorMessage -->
        <test-method status="PASS" signature="tearDown()[pri:0, instance:com.herokuapp.internet.testsuit.LoginTest@10dba097]" name="tearDown" is-config="true" duration-ms="765" started-at="2022-12-13T00:49:03 GMT" finished-at="2022-12-13T00:49:04 GMT">
          <reporter-output>
          </reporter-output>
        </test-method> <!-- tearDown -->
        <test-method status="PASS" signature="setUp()[pri:0, instance:com.herokuapp.internet.testsuit.LoginTest@10dba097]" name="setUp" is-config="true" duration-ms="5755" started-at="2022-12-13T00:49:04 GMT" finished-at="2022-12-13T00:49:10 GMT">
          <reporter-output>
          </reporter-output>
        </test-method> <!-- setUp -->
        <test-method status="PASS" signature="inIt()[pri:0, instance:com.herokuapp.internet.testsuit.LoginTest@10dba097]" name="inIt" is-config="true" duration-ms="3" started-at="2022-12-13T00:49:10 GMT" finished-at="2022-12-13T00:49:10 GMT">
          <reporter-output>
          </reporter-output>
        </test-method> <!-- inIt -->
        <test-method status="FAIL" signature="verifyTheUsernameErrorMessage()[pri:0, instance:com.herokuapp.internet.testsuit.LoginTest@10dba097]" name="verifyTheUsernameErrorMessage" duration-ms="485" started-at="2022-12-13T00:49:10 GMT" finished-at="2022-12-13T00:49:10 GMT">
          <exception class="java.lang.AssertionError">
            <message>
              <![CDATA[expected [2] but found [1]]]>
            </message>
            <full-stacktrace>
              <![CDATA[java.lang.AssertionError: expected [2] but found [1]
at org.testng.Assert.fail(Assert.java:110)
at org.testng.Assert.failNotEquals(Assert.java:1413)
at org.testng.Assert.assertEqualsImpl(Assert.java:149)
at org.testng.Assert.assertEquals(Assert.java:131)
at org.testng.Assert.assertEquals(Assert.java:1240)
at org.testng.Assert.assertEquals(Assert.java:1274)
at com.herokuapp.internet.testsuit.LoginTest.verifyTheUsernameErrorMessage(LoginTest.java:35)
at sun.reflect.NativeMethodAccessorImpl.invoke0(Native Method)
at sun.reflect.NativeMethodAccessorImpl.invoke(NativeMethodAccessorImpl.java:62)
at sun.reflect.DelegatingMethodAccessorImpl.invoke(DelegatingMethodAccessorImpl.java:43)
at java.lang.reflect.Method.invoke(Method.java:498)
at org.testng.internal.invokers.MethodInvocationHelper.invokeMethod(MethodInvocationHelper.java:135)
at org.testng.internal.invokers.TestInvoker.invokeMethod(TestInvoker.java:673)
at org.testng.internal.invokers.TestInvoker.invokeTestMethod(TestInvoker.java:220)
at org.testng.internal.invokers.MethodRunner.runInSequence(MethodRunner.java:50)
at org.testng.internal.invokers.TestInvoker$MethodInvocationAgent.invoke(TestInvoker.java:945)
at org.testng.internal.invokers.TestInvoker.invokeTestMethods(TestInvoker.java:193)
at org.testng.internal.invokers.TestMethodWorker.invokeTestMethods(TestMethodWorker.java:146)
at org.testng.internal.invokers.TestMethodWorker.run(TestMethodWorker.java:128)
at java.util.ArrayList.forEach(ArrayList.java:1249)
at org.testng.TestRunner.privateRun(TestRunner.java:808)
at org.testng.TestRunner.run(TestRunner.java:603)
at org.testng.SuiteRunner.runTest(SuiteRunner.java:429)
at org.testng.SuiteRunner.runSequentially(SuiteRunner.java:423)
at org.testng.SuiteRunner.privateRun(SuiteRunner.java:383)
at org.testng.SuiteRunner.run(SuiteRunner.java:326)
at org.testng.SuiteRunnerWorker.runSuite(SuiteRunnerWorker.java:52)
at org.testng.SuiteRunnerWorker.run(SuiteRunnerWorker.java:95)
at org.testng.TestNG.runSuitesSequentially(TestNG.java:1249)
at org.testng.TestNG.runSuitesLocally(TestNG.java:1169)
at org.testng.TestNG.runSuites(TestNG.java:1092)
at org.testng.TestNG.run(TestNG.java:1060)
at com.intellij.rt.testng.IDEARemoteTestNG.run(IDEARemoteTestNG.java:66)
at com.intellij.rt.testng.RemoteTestNGStarter.main(RemoteTestNGStarter.java:109)
]]>
            </full-stacktrace>
          </exception> <!-- java.lang.AssertionError -->
          <reporter-output>
            <line>
              <![CDATA[enterUserName[[ChromeDriver: chrome on WINDOWS (dde4454f170337a9e574c8ab1ec54715)] -> id: username]]]>
            </line>
            <line>
              <![CDATA[passwordField[[ChromeDriver: chrome on WINDOWS (dde4454f170337a9e574c8ab1ec54715)] -> id: password]]]>
            </line>
            <line>
              <![CDATA[signInButton[[ChromeDriver: chrome on WINDOWS (dde4454f170337a9e574c8ab1ec54715)] -> xpath: //i[contains(text(),'Login')]]]]>
            </line>
            <line>
              <![CDATA[ErrorMessage[[ChromeDriver: chrome on WINDOWS (dde4454f170337a9e574c8ab1ec54715)] -> xpath: //div[contains(text(),'Your username is invalid!')]]]]>
            </line>
            <line>
              <![CDATA[Click to see screenshot]]>
            </line>
            <line>
              <![CDATA[<a target = "_blank" href=C:\Users\vimal\IdeaProjects\week15-maven-herokuapp.internet-vimalp/test-output/html/verifyTheUsernameErrorMessageTue_Dec_13_00_49_10_GMT_2022.jpg>Screenshot</a>]]>
            </line>
            <line>
              <![CDATA[<br>]]>
            </line>
            <line>
              <![CDATA[<br>]]>
            </line>
            <line>
              <![CDATA[<a target = "_blank" href=C:\Users\vimal\IdeaProjects\week15-maven-herokuapp.internet-vimalp/test-output/html/verifyTheUsernameErrorMessageTue_Dec_13_00_49_10_GMT_2022.jpg><img src=C:\Users\vimal\IdeaProjects\week15-maven-herokuapp.internet-vimalp/test-output/html/verifyTheUsernameErrorMessageTue_Dec_13_00_49_10_GMT_2022.jpg height=200 width=200></img></a>]]>
            </line>
          </reporter-output>
        </test-method> <!-- verifyTheUsernameErrorMessage -->
        <test-method status="PASS" signature="tearDown()[pri:0, instance:com.herokuapp.internet.testsuit.LoginTest@10dba097]" name="tearDown" is-config="true" duration-ms="741" started-at="2022-12-13T00:49:10 GMT" finished-at="2022-12-13T00:49:11 GMT">
          <reporter-output>
          </reporter-output>
        </test-method> <!-- tearDown -->
      </class> <!-- com.herokuapp.internet.testsuit.LoginTest -->
    </test> <!-- Login Test -->
  </suite> <!-- testsuite -->
</testng-results>
