<?xml version="1.0" encoding="UTF-8"?>
<!-- Generated by org.testng.reporters.JUnitReportReporter -->
<testsuite skipped="0" hostname="vimal" name="com.herokuapp.internet.testsuit.LoginTest" tests="3" failures="1" timestamp="2022-12-13T00:49:12 GMT" time="25.017" errors="0">
  <testcase name="verifyThePasswordErrorMessage" time="7.817" classname="com.herokuapp.internet.testsuit.LoginTest"/>
  <system-out>
    <![CDATA[enterUserName[[ChromeDriver: chrome on WINDOWS (533b23fd6c004fdb3b6e4c4204bb83b2)] -> id: username]
passwordField[[ChromeDriver: chrome on WINDOWS (533b23fd6c004fdb3b6e4c4204bb83b2)] -> id: password]
signInButton[[ChromeDriver: chrome on WINDOWS (533b23fd6c004fdb3b6e4c4204bb83b2)] -> xpath: //i[contains(text(),'Login')]]
ErrorMessage1[[ChromeDriver: chrome on WINDOWS (533b23fd6c004fdb3b6e4c4204bb83b2)] -> xpath: //div[contains(text(),'Your password is invalid!')]]]]>
  </system-out>
  <testcase name="UserShouldLoginSuccessfullyWithValidCredentials" time="10.123" classname="com.herokuapp.internet.testsuit.LoginTest"/>
  <system-out>
    <![CDATA[enterUserName[[ChromeDriver: chrome on WINDOWS (6119f0f8fd786f2207191623d9d866ce)] -> id: username]
passwordField[[ChromeDriver: chrome on WINDOWS (6119f0f8fd786f2207191623d9d866ce)] -> id: password]
signInButton[[ChromeDriver: chrome on WINDOWS (6119f0f8fd786f2207191623d9d866ce)] -> xpath: //i[contains(text(),'Login')]]
verifyText[[ChromeDriver: chrome on WINDOWS (6119f0f8fd786f2207191623d9d866ce)] -> xpath: //*[@id="content"]/div/h2]]]>
  </system-out>
  <testcase name="verifyTheUsernameErrorMessage" time="7.077" classname="com.herokuapp.internet.testsuit.LoginTest">
    <failure type="java.lang.AssertionError" message="expected [2] but found [1]">
      <![CDATA[java.lang.AssertionError: expected [2] but found [1]
at org.testng.Assert.fail(Assert.java:110)
at org.testng.Assert.failNotEquals(Assert.java:1413)
at org.testng.Assert.assertEqualsImpl(Assert.java:149)
at org.testng.Assert.assertEquals(Assert.java:131)
at org.testng.Assert.assertEquals(Assert.java:1240)
at org.testng.Assert.assertEquals(Assert.java:1274)
at com.herokuapp.internet.testsuit.LoginTest.verifyTheUsernameErrorMessage(LoginTest.java:35)
at sun.reflect.NativeMethodAccessorImpl.invoke0(Native Method)
at sun.reflect.NativeMethodAccessorImpl.invoke(NativeMethodAccessorImpl.java:62)
at sun.reflect.DelegatingMethodAccessorImpl.invoke(DelegatingMethodAccessorImpl.java:43)
at java.lang.reflect.Method.invoke(Method.java:498)
at org.testng.internal.invokers.MethodInvocationHelper.invokeMethod(MethodInvocationHelper.java:135)
at org.testng.internal.invokers.TestInvoker.invokeMethod(TestInvoker.java:673)
at org.testng.internal.invokers.TestInvoker.invokeTestMethod(TestInvoker.java:220)
at org.testng.internal.invokers.MethodRunner.runInSequence(MethodRunner.java:50)
at org.testng.internal.invokers.TestInvoker$MethodInvocationAgent.invoke(TestInvoker.java:945)
at org.testng.internal.invokers.TestInvoker.invokeTestMethods(TestInvoker.java:193)
at org.testng.internal.invokers.TestMethodWorker.invokeTestMethods(TestMethodWorker.java:146)
at org.testng.internal.invokers.TestMethodWorker.run(TestMethodWorker.java:128)
at java.util.ArrayList.forEach(ArrayList.java:1249)
at org.testng.TestRunner.privateRun(TestRunner.java:808)
at org.testng.TestRunner.run(TestRunner.java:603)
at org.testng.SuiteRunner.runTest(SuiteRunner.java:429)
at org.testng.SuiteRunner.runSequentially(SuiteRunner.java:423)
at org.testng.SuiteRunner.privateRun(SuiteRunner.java:383)
at org.testng.SuiteRunner.run(SuiteRunner.java:326)
at org.testng.SuiteRunnerWorker.runSuite(SuiteRunnerWorker.java:52)
at org.testng.SuiteRunnerWorker.run(SuiteRunnerWorker.java:95)
at org.testng.TestNG.runSuitesSequentially(TestNG.java:1249)
at org.testng.TestNG.runSuitesLocally(TestNG.java:1169)
at org.testng.TestNG.runSuites(TestNG.java:1092)
at org.testng.TestNG.run(TestNG.java:1060)
at com.intellij.rt.testng.IDEARemoteTestNG.run(IDEARemoteTestNG.java:66)
at com.intellij.rt.testng.RemoteTestNGStarter.main(RemoteTestNGStarter.java:109)
]]>
    </failure>
  </testcase> <!-- verifyTheUsernameErrorMessage -->
  <system-out>
    <![CDATA[enterUserName[[ChromeDriver: chrome on WINDOWS (dde4454f170337a9e574c8ab1ec54715)] -> id: username]
passwordField[[ChromeDriver: chrome on WINDOWS (dde4454f170337a9e574c8ab1ec54715)] -> id: password]
signInButton[[ChromeDriver: chrome on WINDOWS (dde4454f170337a9e574c8ab1ec54715)] -> xpath: //i[contains(text(),'Login')]]
ErrorMessage[[ChromeDriver: chrome on WINDOWS (dde4454f170337a9e574c8ab1ec54715)] -> xpath: //div[contains(text(),'Your username is invalid!')]]
Click to see screenshot
<a target = "_blank" href=C:\Users\vimal\IdeaProjects\week15-maven-herokuapp.internet-vimalp/test-output/html/verifyTheUsernameErrorMessageTue_Dec_13_00_49_10_GMT_2022.jpg>Screenshot</a>
<br>
<br>
<a target = "_blank" href=C:\Users\vimal\IdeaProjects\week15-maven-herokuapp.internet-vimalp/test-output/html/verifyTheUsernameErrorMessageTue_Dec_13_00_49_10_GMT_2022.jpg><img src=C:\Users\vimal\IdeaProjects\week15-maven-herokuapp.internet-vimalp/test-output/html/verifyTheUsernameErrorMessageTue_Dec_13_00_49_10_GMT_2022.jpg height=200 width=200></img></a>]]>
  </system-out>
</testsuite> <!-- com.herokuapp.internet.testsuit.LoginTest -->
