<html>
<head>
<title>TestNG:  Login Test</title>
<link href="../testng.css" rel="stylesheet" type="text/css" />
<link href="../my-testng.css" rel="stylesheet" type="text/css" />

<style type="text/css">
.log { display: none;} 
.stack-trace { display: none;} 
</style>
<script type="text/javascript">
<!--
function flip(e) {
  current = e.style.display;
  if (current == 'block') {
    e.style.display = 'none';
    return 0;
  }
  else {
    e.style.display = 'block';
    return 1;
  }
}

function toggleBox(szDivId, elem, msg1, msg2)
{
  var res = -1;  if (document.getElementById) {
    res = flip(document.getElementById(szDivId));
  }
  else if (document.all) {
    // this is the way old msie versions work
    res = flip(document.all[szDivId]);
  }
  if(elem) {
    if(res == 0) elem.innerHTML = msg1; else elem.innerHTML = msg2;
  }

}

function toggleAllBoxes() {
  if (document.getElementsByTagName) {
    d = document.getElementsByTagName('div');
    for (i = 0; i < d.length; i++) {
      if (d[i].className == 'log') {
        flip(d[i]);
      }
    }
  }
}

// -->
</script>

</head>
<body>
<h2 align='center'>Login Test</h2><table border='1' align="center">
<tr>
<td>Tests passed/Failed/Skipped:</td><td>2/1/0</td>
</tr><tr>
<td>Started on:</td><td>Tue Dec 13 00:48:46 GMT 2022</td>
</tr>
<tr><td>Total time:</td><td>25 seconds (25417 ms)</td>
</tr><tr>
<td>Included groups:</td><td></td>
</tr><tr>
<td>Excluded groups:</td><td></td>
</tr>
</table><p/>
<small><i>(Hover the method name to see the test class name)</i></small><p/>
<table width='100%' border='1' class='invocation-failed'>
<tr><td colspan='4' align='center'><b>FAILED TESTS</b></td></tr>
<tr><td><b>Test method</b></td>
<td width="30%"><b>Exception</b></td>
<td width="10%"><b>Time (seconds)</b></td>
<td><b>Instance</b></td>
</tr>
<tr>
<td title='com.herokuapp.internet.testsuit.LoginTest.verifyTheUsernameErrorMessage()'><b>verifyTheUsernameErrorMessage</b><br>Test class: com.herokuapp.internet.testsuit.LoginTest<br/>
<a href="#Output-766101" onClick='toggleBox("Output-766101", this, "Show output", "Hide output");'>Show output</a>

<a href="#Output-766101" onClick="toggleAllBoxes();">Show all outputs</a>
<div class='log' id="Output-766101">
enterUserName[[ChromeDriver: chrome on WINDOWS (dde4454f170337a9e574c8ab1ec54715)] -> id: username]<br/>
passwordField[[ChromeDriver: chrome on WINDOWS (dde4454f170337a9e574c8ab1ec54715)] -> id: password]<br/>
signInButton[[ChromeDriver: chrome on WINDOWS (dde4454f170337a9e574c8ab1ec54715)] -> xpath: //i[contains(text(),'Login')]]<br/>
ErrorMessage[[ChromeDriver: chrome on WINDOWS (dde4454f170337a9e574c8ab1ec54715)] -> xpath: //div[contains(text(),'Your username is invalid!')]]<br/>
Click to see screenshot<br/>
<a target = "_blank" href=C:\Users\vimal\IdeaProjects\week15-maven-herokuapp.internet-vimalp/test-output/html/verifyTheUsernameErrorMessageTue_Dec_13_00_49_10_GMT_2022.jpg>Screenshot</a><br/>
<br><br/>
<br><br/>
<a target = "_blank" href=C:\Users\vimal\IdeaProjects\week15-maven-herokuapp.internet-vimalp/test-output/html/verifyTheUsernameErrorMessageTue_Dec_13_00_49_10_GMT_2022.jpg><img src=C:\Users\vimal\IdeaProjects\week15-maven-herokuapp.internet-vimalp/test-output/html/verifyTheUsernameErrorMessageTue_Dec_13_00_49_10_GMT_2022.jpg height=200 width=200></img></a><br/>
</div>
</td>
<td><div><pre>java.lang.AssertionError: expected [2] but found [1]
	at com.herokuapp.internet.testsuit.LoginTest.verifyTheUsernameErrorMessage(LoginTest.java:35)
	at java.util.ArrayList.forEach(ArrayList.java:1249)
	at com.intellij.rt.testng.IDEARemoteTestNG.run(IDEARemoteTestNG.java:66)
	at com.intellij.rt.testng.RemoteTestNGStarter.main(RemoteTestNGStarter.java:109)
... Removed 30 stack frames</pre></div><a href='#' onClick='toggleBox("stack-trace766101", this, "Click to show all stack frames", "Click to hide stack frames")'>Click to show all stack frames</a>
<div class='stack-trace' id='stack-trace766101'><pre>java.lang.AssertionError: expected [2] but found [1]
	at org.testng.Assert.fail(Assert.java:110)
	at org.testng.Assert.failNotEquals(Assert.java:1413)
	at org.testng.Assert.assertEqualsImpl(Assert.java:149)
	at org.testng.Assert.assertEquals(Assert.java:131)
	at org.testng.Assert.assertEquals(Assert.java:1240)
	at org.testng.Assert.assertEquals(Assert.java:1274)
	at com.herokuapp.internet.testsuit.LoginTest.verifyTheUsernameErrorMessage(LoginTest.java:35)
	at sun.reflect.NativeMethodAccessorImpl.invoke0(Native Method)
	at sun.reflect.NativeMethodAccessorImpl.invoke(NativeMethodAccessorImpl.java:62)
	at sun.reflect.DelegatingMethodAccessorImpl.invoke(DelegatingMethodAccessorImpl.java:43)
	at java.lang.reflect.Method.invoke(Method.java:498)
	at org.testng.internal.invokers.MethodInvocationHelper.invokeMethod(MethodInvocationHelper.java:135)
	at org.testng.internal.invokers.TestInvoker.invokeMethod(TestInvoker.java:673)
	at org.testng.internal.invokers.TestInvoker.invokeTestMethod(TestInvoker.java:220)
	at org.testng.internal.invokers.MethodRunner.runInSequence(MethodRunner.java:50)
	at org.testng.internal.invokers.TestInvoker$MethodInvocationAgent.invoke(TestInvoker.java:945)
	at org.testng.internal.invokers.TestInvoker.invokeTestMethods(TestInvoker.java:193)
	at org.testng.internal.invokers.TestMethodWorker.invokeTestMethods(TestMethodWorker.java:146)
	at org.testng.internal.invokers.TestMethodWorker.run(TestMethodWorker.java:128)
	at java.util.ArrayList.forEach(ArrayList.java:1249)
	at org.testng.TestRunner.privateRun(TestRunner.java:808)
	at org.testng.TestRunner.run(TestRunner.java:603)
	at org.testng.SuiteRunner.runTest(SuiteRunner.java:429)
	at org.testng.SuiteRunner.runSequentially(SuiteRunner.java:423)
	at org.testng.SuiteRunner.privateRun(SuiteRunner.java:383)
	at org.testng.SuiteRunner.run(SuiteRunner.java:326)
	at org.testng.SuiteRunnerWorker.runSuite(SuiteRunnerWorker.java:52)
	at org.testng.SuiteRunnerWorker.run(SuiteRunnerWorker.java:95)
	at org.testng.TestNG.runSuitesSequentially(TestNG.java:1249)
	at org.testng.TestNG.runSuitesLocally(TestNG.java:1169)
	at org.testng.TestNG.runSuites(TestNG.java:1092)
	at org.testng.TestNG.run(TestNG.java:1060)
	at com.intellij.rt.testng.IDEARemoteTestNG.run(IDEARemoteTestNG.java:66)
	at com.intellij.rt.testng.RemoteTestNGStarter.main(RemoteTestNGStarter.java:109)
</pre></div></td>
<td>0</td>
<td>com.herokuapp.internet.testsuit.LoginTest@10dba097</td></tr>
</table><p>
<table width='100%' border='1' class='invocation-passed'>
<tr><td colspan='4' align='center'><b>PASSED TESTS</b></td></tr>
<tr><td><b>Test method</b></td>
<td width="30%"><b>Exception</b></td>
<td width="10%"><b>Time (seconds)</b></td>
<td><b>Instance</b></td>
</tr>
<tr>
<td title='com.herokuapp.internet.testsuit.LoginTest.verifyThePasswordErrorMessage()'><b>verifyThePasswordErrorMessage</b><br>Test class: com.herokuapp.internet.testsuit.LoginTest<br/>
<a href="#Output-1649498695" onClick='toggleBox("Output-1649498695", this, "Show output", "Hide output");'>Show output</a>

<a href="#Output-1649498695" onClick="toggleAllBoxes();">Show all outputs</a>
<div class='log' id="Output-1649498695">
enterUserName[[ChromeDriver: chrome on WINDOWS (533b23fd6c004fdb3b6e4c4204bb83b2)] -> id: username]<br/>
passwordField[[ChromeDriver: chrome on WINDOWS (533b23fd6c004fdb3b6e4c4204bb83b2)] -> id: password]<br/>
signInButton[[ChromeDriver: chrome on WINDOWS (533b23fd6c004fdb3b6e4c4204bb83b2)] -> xpath: //i[contains(text(),'Login')]]<br/>
ErrorMessage1[[ChromeDriver: chrome on WINDOWS (533b23fd6c004fdb3b6e4c4204bb83b2)] -> xpath: //div[contains(text(),'Your password is invalid!')]]<br/>
</div>
</td>
<td></td>
<td>0</td>
<td>com.herokuapp.internet.testsuit.LoginTest@10dba097</td></tr>
<tr>
<td title='com.herokuapp.internet.testsuit.LoginTest.UserShouldLoginSuccessfullyWithValidCredentials()'><b>UserShouldLoginSuccessfullyWithValidCredentials</b><br>Test class: com.herokuapp.internet.testsuit.LoginTest<br/>
<a href="#Output-574077658" onClick='toggleBox("Output-574077658", this, "Show output", "Hide output");'>Show output</a>

<a href="#Output-574077658" onClick="toggleAllBoxes();">Show all outputs</a>
<div class='log' id="Output-574077658">
enterUserName[[ChromeDriver: chrome on WINDOWS (6119f0f8fd786f2207191623d9d866ce)] -> id: username]<br/>
passwordField[[ChromeDriver: chrome on WINDOWS (6119f0f8fd786f2207191623d9d866ce)] -> id: password]<br/>
signInButton[[ChromeDriver: chrome on WINDOWS (6119f0f8fd786f2207191623d9d866ce)] -> xpath: //i[contains(text(),'Login')]]<br/>
verifyText[[ChromeDriver: chrome on WINDOWS (6119f0f8fd786f2207191623d9d866ce)] -> xpath: //*[@id="content"]/div/h2]<br/>
</div>
</td>
<td></td>
<td>0</td>
<td>com.herokuapp.internet.testsuit.LoginTest@10dba097</td></tr>
</table><p>
</body>
</html>